<?xml version="1.0" encoding="UTF-8"?>
<testng-results ignored="0" total="1" passed="1" failed="0" skipped="0">
  <reporter-output>
  </reporter-output>
  <suite started-at="2023-03-22T12:14:15 IST" name="Default suite" finished-at="2023-03-22T12:14:15 IST" duration-ms="98">
    <groups>
    </groups>
    <test started-at="2023-03-22T12:14:15 IST" name="Default test" finished-at="2023-03-22T12:14:15 IST" duration-ms="98">
      <class name="sample.SampleTest">
        <test-method signature="sample()[pri:0, instance:sample.SampleTest@6ac13091]" started-at="2023-03-22T12:14:15 IST" name="sample" finished-at="2023-03-22T12:14:15 IST" duration-ms="21" status="PASS">
          <reporter-output>
          </reporter-output>
        </test-method> <!-- sample -->
      </class> <!-- sample.SampleTest -->
    </test> <!-- Default test -->
  </suite> <!-- Default suite -->
</testng-results>
